{"logTime": "0416/063759", "correlationVector":"DYvaGZyRS1hvYpsCHcpkyG.1","action":"SyncServerConnectionManagerRequest", "result":"SYNC_SERVER_OK", "context":{"environment":"Prod_southeastasia_prod-s01-065-apac-southeastasia", "migrationStage":"NotStarted", "server":"akswtt006000010"}}
{"logTime": "0416/063759", "correlationVector":"DYvaGZyRS1hvYpsCHcpkyG.2","action":"ProcessGetUpdates", "result":"Done", "context":{"dataType":"Encryption Keys", "deleted":"0", "process_failed_to_decrypt":"0", "process_pending_decryption":"0", "process_success":"1", "total":"1"}}
{"logTime": "0416/063759", "correlationVector":"4ZvXlykm/CHfZ0hBDoeq0c","action":"SyncServerConnectionManagerRequest", "result":"SYNC_SERVER_OK", "context":{"environment":"", "migrationStage":"", "server":""}}
{"logTime": "0416/063759", "correlationVector":"4ZvXlykm/CHfZ0hBDoeq0c.0","action":"EncryptionKeysFetcher.DownloadKeys:", "result":"Success", "context":Key count: 10, Last key timestamp: 2025-03-06T06:46:34Z}
{"logTime": "0416/063759", "correlationVector":"4ZvXlykm/CHfZ0hBDoeq0c.1","action":"EncryptionKeysManager::SetEncryptionKeys:", "result":"Success", "context":Key names[10]:[9MADxS299Y/h/A4Uc4f4NXeFstFSb7cUwSi7m600bWuYUTSaAon/no7745f1V19vLvZGwW/+qgxH+/KNc2kE1g==][4kUmFqRyBWuHLg3Elz8vjY1HB9KGdQRzCoHOdeRSohmFA30+55n3YnpRJwKHYq3I8eoFDdvCwhFKFmYtE0SUJA==][hC1nJY7RbCD/ylnATmwrOHg8B/bi76Kl/dznJ7IX16VCcbgqbn9IzP5uYJF5j04uVE48R9KfAs86eoKldk+5Sw==][DjSoEisuii7LI1Ho8zlmwXv+EndUglpyqa8ENMwqRhpNNmQ1P8V0Q8uXPhXg8P+TMDJJcfBtQNRAOijbisqqVg==][l7LFr9SnU2M2MNTNg53VP8e7/30/6lfUpXUFrjFsHyQm8kiARwK5qsk5wdtlZ85pD2EmE9LD9BDAHvYXSG4Vrw==][xDpjc2LEN+YP185Mv81GQKk2J7y5lvC/1a2+AULKNf2b/fQQ8bTM9nCb42xJ24H07QMtQB5hNZsWv0bvGujudA==][MV4aHKtlwMZLmrfAewudf41UcTHV5/fusLb6ZMqe/SDy/mIu3SOEGJGufc9ccJsVDYdXfvWrFKMXDtCDk8isRg==][fz5tCvE8RdQmqtUsLxLAL/RV8tjGBkpJ8fH2/ulj+3lG7iY1aZ4yQElcIXw1Vj0rWO2huDDXksKzQpw95D/FoQ==][a6jkV5eYU9qMlgGEk+7wlz2Gbq+2wPUv5unDpZKKso77dy+SMhgkHClIMgP2sF8gKkXgEYRKWOFI8bINbOd+Jw==][OQsHZf4WTiFyw94vJgWzH1sfxl8zOfLIggSvIEwMFNJTQZ8AbRz41A3bMng4UOLRRU/Uy+0s62hyaDktXP+0EA==]}
{"logTime": "0416/063759", "correlationVector":"4ZvXlykm/CHfZ0hBDoeq0c.2","action":"EncryptionKeysManager::SetEncryptionKeysWithTimestamps:", "result":"Success", "context":Key timestamps[10]:[2020-12-04T09:16:39Z][2021-06-03T06:14:30Z][2021-12-01T08:48:11Z][2022-06-01T12:40:40Z][2022-11-17T16:24:20Z][2023-05-31T14:13:51Z][2023-11-30T08:08:10Z][2024-01-31T09:33:46Z][2024-08-17T04:52:55Z][2025-03-06T06:46:34Z]}
{"logTime": "0416/063759", "correlationVector":"DYvaGZyRS1hvYpsCHcpkyG","action":"Initial GetUpdates", "result":"", "context":Reason: NEW_CLIENT. cV=DYvaGZyRS1hvYpsCHcpkyG}
{"logTime": "0416/063759", "correlationVector":"DYvaGZyRS1hvYpsCHcpkyG.3","action":"GetUpdates Response", "result":"Success", "context":Received 1 update(s). cV=DYvaGZyRS1hvYpsCHcpkyG.0;server=akswtt006000010;cloudType=Consumer;environment=Prod_southeastasia_prod-s01-065-apac-southeastasia;migrationStage=NotStarted}
{"logTime": "0416/063759", "correlationVector":"9SybiMaGYcZfEKfzl82bmO","action":"Initial GetUpdates", "result":"", "context":Reason: NEWLY_SUPPORTED_DATATYPE. cV=9SybiMaGYcZfEKfzl82bmO}
{"logTime": "0416/063800", "correlationVector":"9SybiMaGYcZfEKfzl82bmO.1","action":"SyncServerConnectionManagerRequest", "result":"SYNC_SERVER_OK", "context":{"environment":"Prod_southeastasia_prod-s01-064-apac-southeastasia", "migrationStage":"NotStarted", "server":"akswtt006000014"}}
{"logTime": "0416/063800", "correlationVector":"9SybiMaGYcZfEKfzl82bmO.2","action":"ProcessGetUpdates", "result":"Done", "context":{"dataType":"Preferences", "deleted":"0", "process_failed_to_decrypt":"0", "process_pending_decryption":"0", "process_success":"91", "total":"91"}}
{"logTime": "0416/063800", "correlationVector":"9SybiMaGYcZfEKfzl82bmO.3","action":"ProcessGetUpdates", "result":"Done", "context":{"dataType":"Passwords", "deleted":"1", "process_failed_to_decrypt":"0", "process_pending_decryption":"0", "process_success":"26", "total":"26"}}
{"logTime": "0416/063800", "correlationVector":"9SybiMaGYcZfEKfzl82bmO.4","action":"ProcessGetUpdates", "result":"Done", "context":{"dataType":"Device Info", "deleted":"0", "process_failed_to_decrypt":"0", "process_pending_decryption":"0", "process_success":"89", "total":"89"}}
{"logTime": "0416/063800", "correlationVector":"9SybiMaGYcZfEKfzl82bmO.5","action":"GetUpdates Response", "result":"Success", "context":Received 206 update(s). cV=9SybiMaGYcZfEKfzl82bmO.0;server=akswtt006000014;cloudType=Consumer;environment=Prod_southeastasia_prod-s01-064-apac-southeastasia;migrationStage=NotStarted}
{"logTime": "0416/063800", "correlationVector":"QmXz3XZ+3GndkYwA2n9Vzg","action":"Initial GetUpdates", "result":"", "context":Reason: NEWLY_SUPPORTED_DATATYPE. cV=QmXz3XZ+3GndkYwA2n9Vzg}
{"logTime": "0416/063801", "correlationVector":"QmXz3XZ+3GndkYwA2n9Vzg.1","action":"SyncServerConnectionManagerRequest", "result":"SYNC_SERVER_OK", "context":{"environment":"Prod_southeastasia_prod-s01-064-apac-southeastasia", "migrationStage":"NotStarted", "server":"akswtt00600000s"}}
{"logTime": "0416/063801", "correlationVector":"QmXz3XZ+3GndkYwA2n9Vzg.2","action":"ProcessGetUpdates", "result":"Done", "context":{"dataType":"Bookmarks", "deleted":"0", "process_failed_to_decrypt":"0", "process_pending_decryption":"0", "process_success":"60", "total":"60"}}
{"logTime": "0416/063801", "correlationVector":"QmXz3XZ+3GndkYwA2n9Vzg.3","action":"GetUpdates Response", "result":"Success", "context":Received 60 update(s). cV=QmXz3XZ+3GndkYwA2n9Vzg.0;server=akswtt00600000s;cloudType=Consumer;environment=Prod_southeastasia_prod-s01-064-apac-southeastasia;migrationStage=NotStarted}
{"logTime": "0416/063801", "correlationVector":"xXthpXmXWlCfgvkzqJEnii","action":"Initial GetUpdates", "result":"", "context":Reason: NEWLY_SUPPORTED_DATATYPE. cV=xXthpXmXWlCfgvkzqJEnii}
{"logTime": "0416/063801", "correlationVector":"xXthpXmXWlCfgvkzqJEnii.1","action":"SyncServerConnectionManagerRequest", "result":"SYNC_SERVER_OK", "context":{"environment":"Prod_southeastasia_prod-s01-064-apac-southeastasia", "migrationStage":"NotStarted", "server":"akswtt00600006w"}}
{"logTime": "0416/063801", "correlationVector":"xXthpXmXWlCfgvkzqJEnii.2","action":"ProcessGetUpdates", "result":"Done", "context":{"dataType":"Autofill Profiles", "deleted":"0", "process_failed_to_decrypt":"0", "process_pending_decryption":"0", "process_success":"8", "total":"8"}}
{"logTime": "0416/063801", "correlationVector":"xXthpXmXWlCfgvkzqJEnii.3","action":"ProcessGetUpdates", "result":"Done", "context":{"dataType":"Autofill", "deleted":"0", "process_failed_to_decrypt":"0", "process_pending_decryption":"0", "process_success":"68", "total":"68"}}
{"logTime": "0416/063801", "correlationVector":"xXthpXmXWlCfgvkzqJEnii.4","action":"ProcessGetUpdates", "result":"Done", "context":{"dataType":"Extensions", "deleted":"0", "process_failed_to_decrypt":"0", "process_pending_decryption":"0", "process_success":"9", "total":"9"}}
{"logTime": "0416/063801", "correlationVector":"xXthpXmXWlCfgvkzqJEnii.5","action":"ProcessGetUpdates", "result":"Done", "context":{"dataType":"Sessions", "deleted":"2", "process_failed_to_decrypt":"0", "process_pending_decryption":"0", "process_success":"2", "total":"2"}}
{"logTime": "0416/063801", "correlationVector":"xXthpXmXWlCfgvkzqJEnii.6","action":"ProcessGetUpdates", "result":"Done", "context":{"dataType":"Web Apps", "deleted":"0", "process_failed_to_decrypt":"0", "process_pending_decryption":"0", "process_success":"3", "total":"3"}}
{"logTime": "0416/063801", "correlationVector":"xXthpXmXWlCfgvkzqJEnii.7","action":"ProcessGetUpdates", "result":"Done", "context":{"dataType":"Edge Hub App Usage", "deleted":"0", "process_failed_to_decrypt":"0", "process_pending_decryption":"0", "process_success":"1", "total":"1"}}
{"logTime": "0416/063801", "correlationVector":"xXthpXmXWlCfgvkzqJEnii.8","action":"GetUpdates Response", "result":"Success", "context":Received 91 update(s). cV=xXthpXmXWlCfgvkzqJEnii.0;server=akswtt00600006w;cloudType=Consumer;environment=Prod_southeastasia_prod-s01-064-apac-southeastasia;migrationStage=NotStarted}
{"logTime": "0416/063801", "correlationVector":"gX7hBxPlkPppjK45GSQiM7","action":"Initial GetUpdates", "result":"", "context":Reason: NEWLY_SUPPORTED_DATATYPE. cV=gX7hBxPlkPppjK45GSQiM7}
{"logTime": "0416/063801", "correlationVector":"gX7hBxPlkPppjK45GSQiM7.1","action":"SyncServerConnectionManagerRequest", "result":"SYNC_SERVER_OK", "context":{"environment":"Prod_southeastasia_prod-s01-064-apac-southeastasia", "migrationStage":"NotStarted", "server":"akswtt006000073"}}
{"logTime": "0416/063801", "correlationVector":"gX7hBxPlkPppjK45GSQiM7.2","action":"GetUpdates Response", "result":"Success", "context":Received 0 update(s). cV=gX7hBxPlkPppjK45GSQiM7.0;server=akswtt006000073;cloudType=Consumer;environment=Prod_southeastasia_prod-s01-064-apac-southeastasia;migrationStage=NotStarted}
{"logTime": "0416/063801", "correlationVector":"dYW1niVic1ureQfbXk85gB","action":"Normal GetUpdate request", "result":"", "context":cV=dYW1niVic1ureQfbXk85gB
Nudged types: Preferences, Sessions, Device Info, User Consents
Refresh requested types: Bookmarks, Preferences, Passwords, Autofill Profiles, Autofill, Extensions, Sessions, Extension settings, History Delete Directives, Device Info, User Consents, Send Tab To Self, Web Apps, History, Saved Tab Group, Collection, Edge E Drop, Edge Hub App Usage, Edge Tab Group, Edge Wallet, Encryption Keys}
{"logTime": "0416/063801", "correlationVector":"dYW1niVic1ureQfbXk85gB.1","action":"SyncServerConnectionManagerRequest", "result":"SYNC_SERVER_OK", "context":{"environment":"Prod_southeastasia_prod-s01-064-apac-southeastasia", "migrationStage":"NotStarted", "server":"akswtt00600007l"}}
{"logTime": "0416/063801", "correlationVector":"dYW1niVic1ureQfbXk85gB.2","action":"GetUpdates Response", "result":"Success", "context":Received 0 update(s). cV=dYW1niVic1ureQfbXk85gB.0;server=akswtt00600007l;cloudType=Consumer;environment=Prod_southeastasia_prod-s01-064-apac-southeastasia;migrationStage=NotStarted}
{"logTime": "0416/063801", "correlationVector":"4MbGQgJ0/LW5GxBvRZcZsS","action":"Commit Request", "result":"", "context":Item count: 7
Contributing types: Preferences, Sessions, Device Info, User Consents}
{"logTime": "0416/063802", "correlationVector":"4MbGQgJ0/LW5GxBvRZcZsS.1","action":"SyncServerConnectionManagerRequest", "result":"SYNC_SERVER_OK", "context":{"environment":"Prod_southeastasia_prod-s01-064-apac-southeastasia", "migrationStage":"NotStarted", "server":"akswtt00600005b"}}
{"logTime": "0416/063802", "correlationVector":"4MbGQgJ0/LW5GxBvRZcZsS.2","action":"Commit Response", "result":"Success", "context":Result: Success. cV=4MbGQgJ0/LW5GxBvRZcZsS.0;server=akswtt00600005b;cloudType=Consumer;environment=Prod_southeastasia_prod-s01-064-apac-southeastasia;migrationStage=NotStarted}
{"logTime": "0416/063802", "correlationVector":"rztFb93PK95GAg7fYOClu1","action":"Commit Request", "result":"", "context":Item count: 1
Contributing types: Edge Hub App Usage}
{"logTime": "0416/063803", "correlationVector":"rztFb93PK95GAg7fYOClu1.1","action":"SyncServerConnectionManagerRequest", "result":"SYNC_SERVER_OK", "context":{"environment":"Prod_southeastasia_prod-s01-064-apac-southeastasia", "migrationStage":"NotStarted", "server":"akswtt00600005o"}}
{"logTime": "0416/063803", "correlationVector":"rztFb93PK95GAg7fYOClu1.2","action":"Commit Response", "result":"Success", "context":Result: Success. cV=rztFb93PK95GAg7fYOClu1.0;server=akswtt00600005o;cloudType=Consumer;environment=Prod_southeastasia_prod-s01-064-apac-southeastasia;migrationStage=NotStarted}
